<?xml version="1.0" encoding="UTF-8"?>
<!-- Generated by org.testng.reporters.JUnitReportReporter -->
<testsuite skipped="0" hostname="amilanesi" name="tests.upgradeInterviewTest" tests="1" failures="0" timestamp="12 Feb 2020 16:54:01 GMT" time="39.994" errors="0">
  <testcase name="testUserFlow" time="39.994" classname="tests.upgradeInterviewTest"/>
</testsuite> <!-- tests.upgradeInterviewTest -->
