<?xml version="1.0" encoding="UTF-8"?>
<!-- Generated by org.testng.reporters.JUnitReportReporter -->
<testsuite skipped="0" hostname="amilanesi" name="tests.upgradeInterviewTest" tests="4" failures="0" timestamp="12 Feb 2020 16:40:27 GMT" time="178.806" errors="0">
  <testcase name="testUserFlow" time="167.695" classname="tests.upgradeInterviewTest"/>
  <testcase name="testAPIOne" time="5.124" classname="tests.upgradeInterviewTest"/>
  <testcase name="testAPITwo" time="3.185" classname="tests.upgradeInterviewTest"/>
  <testcase name="testAPIThree" time="2.802" classname="tests.upgradeInterviewTest"/>
</testsuite> <!-- tests.upgradeInterviewTest -->
